<?xml version="1.0" encoding="UTF-8"?>
<!-- Generated by org.testng.reporters.JUnitXMLReporter -->
<testsuite ignored="0" hostname="DESKTOP-R163GFK" failures="0" tests="3" name="Surefire test" time="90.982" errors="0" timestamp="2025-07-03T15:35:03 IST">
  <testcase classname="com.framework.tests.LoginTest" name="testValidLogin" time="7.617"/>
  <testcase classname="com.framework.tests.PlaceOrderTest" name="placeOrderCheckout" time="30.509"/>
  <testcase classname="com.framework.tests.RegisterTest" name="testRegisterUser" time="27.932"/>
</testsuite> <!-- Surefire test -->
