<?xml version="1.0" encoding="UTF-8"?>
<testng-results ignored="0" total="3" passed="3" failed="0" skipped="0">
  <reporter-output>
  </reporter-output>
  <suite started-at="2025-07-03T15:33:32 IST" name="Surefire suite" finished-at="2025-07-03T15:35:03 IST" duration-ms="90982">
    <groups>
    </groups>
    <test started-at="2025-07-03T15:33:32 IST" name="Surefire test" finished-at="2025-07-03T15:35:03 IST" duration-ms="90982">
      <class name="com.framework.tests.LoginTest">
        <test-method is-config="true" signature="setUp()[pri:0, instance:com.framework.tests.LoginTest@31ff43be]" started-at="2025-07-03T15:33:32 IST" name="setUp" finished-at="2025-07-03T15:33:41 IST" duration-ms="8529" status="PASS">
          <reporter-output>
          </reporter-output>
        </test-method> <!-- setUp -->
        <test-method signature="testValidLogin()[pri:0, instance:com.framework.tests.LoginTest@31ff43be]" started-at="2025-07-03T15:33:41 IST" name="testValidLogin" finished-at="2025-07-03T15:33:49 IST" duration-ms="7617" status="PASS">
          <reporter-output>
          </reporter-output>
        </test-method> <!-- testValidLogin -->
        <test-method is-config="true" signature="tearDown(org.testng.ITestResult)[pri:0, instance:com.framework.tests.LoginTest@31ff43be]" started-at="2025-07-03T15:33:49 IST" name="tearDown" finished-at="2025-07-03T15:33:49 IST" duration-ms="651" status="PASS">
          <params>
            <param index="0">
              <value>
                <![CDATA[[TestResult name=testValidLogin status=SUCCESS method=LoginTest.testValidLogin()[pri:0, instance:com.framework.tests.LoginTest@31ff43be] output={null}]]]>
              </value>
            </param>
          </params>
          <reporter-output>
          </reporter-output>
        </test-method> <!-- tearDown -->
      </class> <!-- com.framework.tests.LoginTest -->
      <class name="com.framework.tests.RegisterTest">
        <test-method is-config="true" signature="setUp()[pri:0, instance:com.framework.tests.RegisterTest@61fe30]" started-at="2025-07-03T15:34:26 IST" name="setUp" finished-at="2025-07-03T15:34:35 IST" duration-ms="8663" status="PASS">
          <reporter-output>
          </reporter-output>
        </test-method> <!-- setUp -->
        <test-method signature="testRegisterUser()[pri:0, instance:com.framework.tests.RegisterTest@61fe30]" started-at="2025-07-03T15:34:35 IST" name="testRegisterUser" finished-at="2025-07-03T15:35:03 IST" duration-ms="27932" status="PASS">
          <reporter-output>
          </reporter-output>
        </test-method> <!-- testRegisterUser -->
        <test-method is-config="true" signature="tearDown(org.testng.ITestResult)[pri:0, instance:com.framework.tests.RegisterTest@61fe30]" started-at="2025-07-03T15:35:03 IST" name="tearDown" finished-at="2025-07-03T15:35:03 IST" duration-ms="457" status="PASS">
          <params>
            <param index="0">
              <value>
                <![CDATA[[TestResult name=testRegisterUser status=SUCCESS method=RegisterTest.testRegisterUser()[pri:0, instance:com.framework.tests.RegisterTest@61fe30] output={null}]]]>
              </value>
            </param>
          </params>
          <reporter-output>
          </reporter-output>
        </test-method> <!-- tearDown -->
      </class> <!-- com.framework.tests.RegisterTest -->
      <class name="com.framework.tests.PlaceOrderTest">
        <test-method is-config="true" signature="setUp()[pri:0, instance:com.framework.tests.PlaceOrderTest@66c61024]" started-at="2025-07-03T15:33:49 IST" name="setUp" finished-at="2025-07-03T15:33:55 IST" duration-ms="6169" status="PASS">
          <reporter-output>
          </reporter-output>
        </test-method> <!-- setUp -->
        <test-method signature="placeOrderCheckout()[pri:0, instance:com.framework.tests.PlaceOrderTest@66c61024]" started-at="2025-07-03T15:33:55 IST" name="placeOrderCheckout" finished-at="2025-07-03T15:34:26 IST" duration-ms="30509" status="PASS">
          <reporter-output>
          </reporter-output>
        </test-method> <!-- placeOrderCheckout -->
        <test-method is-config="true" signature="tearDown(org.testng.ITestResult)[pri:0, instance:com.framework.tests.PlaceOrderTest@66c61024]" started-at="2025-07-03T15:34:26 IST" name="tearDown" finished-at="2025-07-03T15:34:26 IST" duration-ms="403" status="PASS">
          <params>
            <param index="0">
              <value>
                <![CDATA[[TestResult name=placeOrderCheckout status=SUCCESS method=PlaceOrderTest.placeOrderCheckout()[pri:0, instance:com.framework.tests.PlaceOrderTest@66c61024] output={null}]]]>
              </value>
            </param>
          </params>
          <reporter-output>
          </reporter-output>
        </test-method> <!-- tearDown -->
      </class> <!-- com.framework.tests.PlaceOrderTest -->
    </test> <!-- Surefire test -->
  </suite> <!-- Surefire suite -->
</testng-results>
